<?xml version="1.0" encoding="UTF-8"?>
<testsuite xmlns:xsi="http://www.w3.org/2001/XMLSchema-instance" xsi:noNamespaceSchemaLocation="https://maven.apache.org/surefire/maven-surefire-plugin/xsd/surefire-test-report.xsd" name="example.springdata.jpa.resultsetmappings.SubscriptionRepositoryIntegrationTests" time="0.008" tests="1" errors="1" skipped="0" failures="0">
  <properties>
    <property name="sun.desktop" value="windows"/>
    <property name="awt.toolkit" value="sun.awt.windows.WToolkit"/>
    <property name="file.encoding.pkg" value="sun.io"/>
    <property name="java.specification.version" value="1.8"/>
    <property name="sun.cpu.isalist" value="amd64"/>
    <property name="sun.jnu.encoding" value="Cp1252"/>
    <property name="java.class.path" value="E:\Trabajos\Gourav\Homework\Cursos\Spring\spring-data-examples\jpa\jpa21\target\test-classes;E:\Trabajos\Gourav\Homework\Cursos\Spring\spring-data-examples\jpa\jpa21\target\classes;C:\Users\ROG\.m2\repository\org\hibernate\hibernate-entitymanager\5.4.8.Final\hibernate-entitymanager-5.4.8.Final.jar;C:\Users\ROG\.m2\repository\org\jboss\logging\jboss-logging\3.4.1.Final\jboss-logging-3.4.1.Final.jar;C:\Users\ROG\.m2\repository\org\hibernate\hibernate-core\5.4.8.Final\hibernate-core-5.4.8.Final.jar;C:\Users\ROG\.m2\repository\org\javassist\javassist\3.24.0-GA\javassist-3.24.0-GA.jar;C:\Users\ROG\.m2\repository\antlr\antlr\2.7.7\antlr-2.7.7.jar;C:\Users\ROG\.m2\repository\org\jboss\jandex\2.0.5.Final\jandex-2.0.5.Final.jar;C:\Users\ROG\.m2\repository\com\fasterxml\classmate\1.5.1\classmate-1.5.1.jar;C:\Users\ROG\.m2\repository\javax\activation\javax.activation-api\1.2.0\javax.activation-api-1.2.0.jar;C:\Users\ROG\.m2\repository\javax\xml\bind\jaxb-api\2.3.1\jaxb-api-2.3.1.jar;C:\Users\ROG\.m2\repository\org\glassfish\jaxb\jaxb-runtime\2.3.2\jaxb-runtime-2.3.2.jar;C:\Users\ROG\.m2\repository\org\glassfish\jaxb\txw2\2.3.2\txw2-2.3.2.jar;C:\Users\ROG\.m2\repository\com\sun\istack\istack-commons-runtime\3.0.8\istack-commons-runtime-3.0.8.jar;C:\Users\ROG\.m2\repository\org\jvnet\staxex\stax-ex\1.8.1\stax-ex-1.8.1.jar;C:\Users\ROG\.m2\repository\com\sun\xml\fastinfoset\FastInfoset\1.2.16\FastInfoset-1.2.16.jar;C:\Users\ROG\.m2\repository\org\dom4j\dom4j\2.1.1\dom4j-2.1.1.jar;C:\Users\ROG\.m2\repository\org\hibernate\common\hibernate-commons-annotations\5.1.0.Final\hibernate-commons-annotations-5.1.0.Final.jar;C:\Users\ROG\.m2\repository\javax\persistence\javax.persistence-api\2.2\javax.persistence-api-2.2.jar;C:\Users\ROG\.m2\repository\net\bytebuddy\byte-buddy\1.10.2\byte-buddy-1.10.2.jar;C:\Users\ROG\.m2\repository\org\jboss\spec\javax\transaction\jboss-transaction-api_1.2_spec\1.1.1.Final\jboss-transaction-api_1.2_spec-1.1.1.Final.jar;C:\Users\ROG\.m2\repository\org\springframework\boot\spring-boot-starter-data-rest\2.2.1.RELEASE\spring-boot-starter-data-rest-2.2.1.RELEASE.jar;C:\Users\ROG\.m2\repository\org\springframework\boot\spring-boot-starter-web\2.2.1.RELEASE\spring-boot-starter-web-2.2.1.RELEASE.jar;C:\Users\ROG\.m2\repository\org\springframework\boot\spring-boot-starter-json\2.2.1.RELEASE\spring-boot-starter-json-2.2.1.RELEASE.jar;C:\Users\ROG\.m2\repository\com\fasterxml\jackson\datatype\jackson-datatype-jdk8\2.10.0\jackson-datatype-jdk8-2.10.0.jar;C:\Users\ROG\.m2\repository\com\fasterxml\jackson\datatype\jackson-datatype-jsr310\2.10.0\jackson-datatype-jsr310-2.10.0.jar;C:\Users\ROG\.m2\repository\com\fasterxml\jackson\module\jackson-module-parameter-names\2.10.0\jackson-module-parameter-names-2.10.0.jar;C:\Users\ROG\.m2\repository\org\springframework\boot\spring-boot-starter-tomcat\2.2.1.RELEASE\spring-boot-starter-tomcat-2.2.1.RELEASE.jar;C:\Users\ROG\.m2\repository\org\apache\tomcat\embed\tomcat-embed-core\9.0.27\tomcat-embed-core-9.0.27.jar;C:\Users\ROG\.m2\repository\org\apache\tomcat\embed\tomcat-embed-el\9.0.27\tomcat-embed-el-9.0.27.jar;C:\Users\ROG\.m2\repository\org\apache\tomcat\embed\tomcat-embed-websocket\9.0.27\tomcat-embed-websocket-9.0.27.jar;C:\Users\ROG\.m2\repository\org\springframework\boot\spring-boot-starter-validation\2.2.1.RELEASE\spring-boot-starter-validation-2.2.1.RELEASE.jar;C:\Users\ROG\.m2\repository\jakarta\validation\jakarta.validation-api\2.0.1\jakarta.validation-api-2.0.1.jar;C:\Users\ROG\.m2\repository\org\hibernate\validator\hibernate-validator\6.0.18.Final\hibernate-validator-6.0.18.Final.jar;C:\Users\ROG\.m2\repository\org\springframework\spring-web\5.2.1.RELEASE\spring-web-5.2.1.RELEASE.jar;C:\Users\ROG\.m2\repository\org\springframework\spring-webmvc\5.2.1.RELEASE\spring-webmvc-5.2.1.RELEASE.jar;C:\Users\ROG\.m2\repository\org\springframework\spring-expression\5.2.1.RELEASE\spring-expression-5.2.1.RELEASE.jar;C:\Users\ROG\.m2\repository\org\springframework\data\spring-data-rest-webmvc\3.2.1.RELEASE\spring-data-rest-webmvc-3.2.1.RELEASE.jar;C:\Users\ROG\.m2\repository\org\springframework\data\spring-data-rest-core\3.2.1.RELEASE\spring-data-rest-core-3.2.1.RELEASE.jar;C:\Users\ROG\.m2\repository\org\springframework\hateoas\spring-hateoas\1.0.1.RELEASE\spring-hateoas-1.0.1.RELEASE.jar;C:\Users\ROG\.m2\repository\org\springframework\plugin\spring-plugin-core\2.0.0.RELEASE\spring-plugin-core-2.0.0.RELEASE.jar;C:\Users\ROG\.m2\repository\org\atteo\evo-inflector\1.2.2\evo-inflector-1.2.2.jar;C:\Users\ROG\.m2\repository\com\fasterxml\jackson\core\jackson-databind\2.10.0\jackson-databind-2.10.0.jar;C:\Users\ROG\.m2\repository\com\fasterxml\jackson\core\jackson-core\2.10.0\jackson-core-2.10.0.jar;C:\Users\ROG\.m2\repository\com\fasterxml\jackson\core\jackson-annotations\2.10.0\jackson-annotations-2.10.0.jar;C:\Users\ROG\.m2\repository\org\slf4j\slf4j-api\1.7.29\slf4j-api-1.7.29.jar;C:\Users\ROG\.m2\repository\org\postgresql\postgresql\42.2.8\postgresql-42.2.8.jar;C:\Users\ROG\.m2\repository\org\springframework\boot\spring-boot-starter-data-jpa\2.2.1.RELEASE\spring-boot-starter-data-jpa-2.2.1.RELEASE.jar;C:\Users\ROG\.m2\repository\org\springframework\boot\spring-boot-starter-aop\2.2.1.RELEASE\spring-boot-starter-aop-2.2.1.RELEASE.jar;C:\Users\ROG\.m2\repository\org\springframework\spring-aop\5.2.1.RELEASE\spring-aop-5.2.1.RELEASE.jar;C:\Users\ROG\.m2\repository\org\aspectj\aspectjweaver\1.9.4\aspectjweaver-1.9.4.jar;C:\Users\ROG\.m2\repository\org\springframework\boot\spring-boot-starter-jdbc\2.2.1.RELEASE\spring-boot-starter-jdbc-2.2.1.RELEASE.jar;C:\Users\ROG\.m2\repository\com\zaxxer\HikariCP\3.4.1\HikariCP-3.4.1.jar;C:\Users\ROG\.m2\repository\org\springframework\spring-jdbc\5.2.1.RELEASE\spring-jdbc-5.2.1.RELEASE.jar;C:\Users\ROG\.m2\repository\jakarta\activation\jakarta.activation-api\1.2.1\jakarta.activation-api-1.2.1.jar;C:\Users\ROG\.m2\repository\jakarta\persistence\jakarta.persistence-api\2.2.3\jakarta.persistence-api-2.2.3.jar;C:\Users\ROG\.m2\repository\jakarta\transaction\jakarta.transaction-api\1.3.3\jakarta.transaction-api-1.3.3.jar;C:\Users\ROG\.m2\repository\org\springframework\data\spring-data-jpa\2.2.1.RELEASE\spring-data-jpa-2.2.1.RELEASE.jar;C:\Users\ROG\.m2\repository\org\springframework\data\spring-data-commons\2.2.1.RELEASE\spring-data-commons-2.2.1.RELEASE.jar;C:\Users\ROG\.m2\repository\org\springframework\spring-orm\5.2.1.RELEASE\spring-orm-5.2.1.RELEASE.jar;C:\Users\ROG\.m2\repository\org\springframework\spring-context\5.2.1.RELEASE\spring-context-5.2.1.RELEASE.jar;C:\Users\ROG\.m2\repository\org\springframework\spring-tx\5.2.1.RELEASE\spring-tx-5.2.1.RELEASE.jar;C:\Users\ROG\.m2\repository\org\springframework\spring-beans\5.2.1.RELEASE\spring-beans-5.2.1.RELEASE.jar;C:\Users\ROG\.m2\repository\org\springframework\spring-aspects\5.2.1.RELEASE\spring-aspects-5.2.1.RELEASE.jar;C:\Users\ROG\.m2\repository\joda-time\joda-time\2.10.5\joda-time-2.10.5.jar;C:\Users\ROG\.m2\repository\org\hsqldb\hsqldb\2.5.0\hsqldb-2.5.0.jar;C:\Users\ROG\.m2\repository\org\projectlombok\lombok\1.18.10\lombok-1.18.10.jar;C:\Users\ROG\.m2\repository\org\springframework\boot\spring-boot-devtools\2.2.1.RELEASE\spring-boot-devtools-2.2.1.RELEASE.jar;C:\Users\ROG\.m2\repository\org\springframework\boot\spring-boot\2.2.1.RELEASE\spring-boot-2.2.1.RELEASE.jar;C:\Users\ROG\.m2\repository\org\springframework\boot\spring-boot-autoconfigure\2.2.1.RELEASE\spring-boot-autoconfigure-2.2.1.RELEASE.jar;C:\Users\ROG\.m2\repository\org\springframework\boot\spring-boot-starter-test\2.2.1.RELEASE\spring-boot-starter-test-2.2.1.RELEASE.jar;C:\Users\ROG\.m2\repository\org\springframework\boot\spring-boot-starter\2.2.1.RELEASE\spring-boot-starter-2.2.1.RELEASE.jar;C:\Users\ROG\.m2\repository\org\springframework\boot\spring-boot-starter-logging\2.2.1.RELEASE\spring-boot-starter-logging-2.2.1.RELEASE.jar;C:\Users\ROG\.m2\repository\ch\qos\logback\logback-classic\1.2.3\logback-classic-1.2.3.jar;C:\Users\ROG\.m2\repository\ch\qos\logback\logback-core\1.2.3\logback-core-1.2.3.jar;C:\Users\ROG\.m2\repository\org\apache\logging\log4j\log4j-to-slf4j\2.12.1\log4j-to-slf4j-2.12.1.jar;C:\Users\ROG\.m2\repository\org\apache\logging\log4j\log4j-api\2.12.1\log4j-api-2.12.1.jar;C:\Users\ROG\.m2\repository\org\slf4j\jul-to-slf4j\1.7.29\jul-to-slf4j-1.7.29.jar;C:\Users\ROG\.m2\repository\jakarta\annotation\jakarta.annotation-api\1.3.5\jakarta.annotation-api-1.3.5.jar;C:\Users\ROG\.m2\repository\org\yaml\snakeyaml\1.25\snakeyaml-1.25.jar;C:\Users\ROG\.m2\repository\org\springframework\boot\spring-boot-test\2.2.1.RELEASE\spring-boot-test-2.2.1.RELEASE.jar;C:\Users\ROG\.m2\repository\org\springframework\boot\spring-boot-test-autoconfigure\2.2.1.RELEASE\spring-boot-test-autoconfigure-2.2.1.RELEASE.jar;C:\Users\ROG\.m2\repository\com\jayway\jsonpath\json-path\2.4.0\json-path-2.4.0.jar;C:\Users\ROG\.m2\repository\net\minidev\json-smart\2.3\json-smart-2.3.jar;C:\Users\ROG\.m2\repository\net\minidev\accessors-smart\1.2\accessors-smart-1.2.jar;C:\Users\ROG\.m2\repository\org\ow2\asm\asm\5.0.4\asm-5.0.4.jar;C:\Users\ROG\.m2\repository\jakarta\xml\bind\jakarta.xml.bind-api\2.3.2\jakarta.xml.bind-api-2.3.2.jar;C:\Users\ROG\.m2\repository\org\junit\jupiter\junit-jupiter\5.5.2\junit-jupiter-5.5.2.jar;C:\Users\ROG\.m2\repository\org\junit\jupiter\junit-jupiter-api\5.5.2\junit-jupiter-api-5.5.2.jar;C:\Users\ROG\.m2\repository\org\opentest4j\opentest4j\1.2.0\opentest4j-1.2.0.jar;C:\Users\ROG\.m2\repository\org\junit\platform\junit-platform-commons\1.5.2\junit-platform-commons-1.5.2.jar;C:\Users\ROG\.m2\repository\org\junit\jupiter\junit-jupiter-params\5.5.2\junit-jupiter-params-5.5.2.jar;C:\Users\ROG\.m2\repository\org\junit\jupiter\junit-jupiter-engine\5.5.2\junit-jupiter-engine-5.5.2.jar;C:\Users\ROG\.m2\repository\org\junit\vintage\junit-vintage-engine\5.5.2\junit-vintage-engine-5.5.2.jar;C:\Users\ROG\.m2\repository\org\apiguardian\apiguardian-api\1.1.0\apiguardian-api-1.1.0.jar;C:\Users\ROG\.m2\repository\org\junit\platform\junit-platform-engine\1.5.2\junit-platform-engine-1.5.2.jar;C:\Users\ROG\.m2\repository\junit\junit\4.12\junit-4.12.jar;C:\Users\ROG\.m2\repository\org\mockito\mockito-junit-jupiter\3.1.0\mockito-junit-jupiter-3.1.0.jar;C:\Users\ROG\.m2\repository\org\assertj\assertj-core\3.13.2\assertj-core-3.13.2.jar;C:\Users\ROG\.m2\repository\org\hamcrest\hamcrest\2.1\hamcrest-2.1.jar;C:\Users\ROG\.m2\repository\org\mockito\mockito-core\3.1.0\mockito-core-3.1.0.jar;C:\Users\ROG\.m2\repository\net\bytebuddy\byte-buddy-agent\1.10.2\byte-buddy-agent-1.10.2.jar;C:\Users\ROG\.m2\repository\org\objenesis\objenesis\2.6\objenesis-2.6.jar;C:\Users\ROG\.m2\repository\org\skyscreamer\jsonassert\1.5.0\jsonassert-1.5.0.jar;C:\Users\ROG\.m2\repository\com\vaadin\external\google\android-json\0.0.20131108.vaadin1\android-json-0.0.20131108.vaadin1.jar;C:\Users\ROG\.m2\repository\org\springframework\spring-core\5.2.1.RELEASE\spring-core-5.2.1.RELEASE.jar;C:\Users\ROG\.m2\repository\org\springframework\spring-jcl\5.2.1.RELEASE\spring-jcl-5.2.1.RELEASE.jar;C:\Users\ROG\.m2\repository\org\springframework\spring-test\5.2.1.RELEASE\spring-test-5.2.1.RELEASE.jar;C:\Users\ROG\.m2\repository\org\xmlunit\xmlunit-core\2.6.3\xmlunit-core-2.6.3.jar;"/>
    <property name="java.vm.vendor" value="Oracle Corporation"/>
    <property name="sun.arch.data.model" value="64"/>
    <property name="user.variant" value=""/>
    <property name="java.vendor.url" value="http://java.oracle.com/"/>
    <property name="user.timezone" value="Europe/Paris"/>
    <property name="java.vm.specification.version" value="1.8"/>
    <property name="os.name" value="Windows 10"/>
    <property name="user.country" value="ES"/>
    <property name="sun.java.launcher" value="SUN_STANDARD"/>
    <property name="sun.boot.library.path" value="C:\Program Files\Java\jre1.8.0_201\bin"/>
    <property name="sun.java.command" value="C:\Users\ROG\AppData\Local\Temp\surefire6196012248460879679\surefirebooter8333130831153973288.jar C:\Users\ROG\AppData\Local\Temp\surefire6196012248460879679 2019-11-14T00-26-10_237-jvmRun1 surefire1496559743207389928tmp surefire_02407658450291894317tmp"/>
    <property name="surefire.test.class.path" value="E:\Trabajos\Gourav\Homework\Cursos\Spring\spring-data-examples\jpa\jpa21\target\test-classes;E:\Trabajos\Gourav\Homework\Cursos\Spring\spring-data-examples\jpa\jpa21\target\classes;C:\Users\ROG\.m2\repository\org\hibernate\hibernate-entitymanager\5.4.8.Final\hibernate-entitymanager-5.4.8.Final.jar;C:\Users\ROG\.m2\repository\org\jboss\logging\jboss-logging\3.4.1.Final\jboss-logging-3.4.1.Final.jar;C:\Users\ROG\.m2\repository\org\hibernate\hibernate-core\5.4.8.Final\hibernate-core-5.4.8.Final.jar;C:\Users\ROG\.m2\repository\org\javassist\javassist\3.24.0-GA\javassist-3.24.0-GA.jar;C:\Users\ROG\.m2\repository\antlr\antlr\2.7.7\antlr-2.7.7.jar;C:\Users\ROG\.m2\repository\org\jboss\jandex\2.0.5.Final\jandex-2.0.5.Final.jar;C:\Users\ROG\.m2\repository\com\fasterxml\classmate\1.5.1\classmate-1.5.1.jar;C:\Users\ROG\.m2\repository\javax\activation\javax.activation-api\1.2.0\javax.activation-api-1.2.0.jar;C:\Users\ROG\.m2\repository\javax\xml\bind\jaxb-api\2.3.1\jaxb-api-2.3.1.jar;C:\Users\ROG\.m2\repository\org\glassfish\jaxb\jaxb-runtime\2.3.2\jaxb-runtime-2.3.2.jar;C:\Users\ROG\.m2\repository\org\glassfish\jaxb\txw2\2.3.2\txw2-2.3.2.jar;C:\Users\ROG\.m2\repository\com\sun\istack\istack-commons-runtime\3.0.8\istack-commons-runtime-3.0.8.jar;C:\Users\ROG\.m2\repository\org\jvnet\staxex\stax-ex\1.8.1\stax-ex-1.8.1.jar;C:\Users\ROG\.m2\repository\com\sun\xml\fastinfoset\FastInfoset\1.2.16\FastInfoset-1.2.16.jar;C:\Users\ROG\.m2\repository\org\dom4j\dom4j\2.1.1\dom4j-2.1.1.jar;C:\Users\ROG\.m2\repository\org\hibernate\common\hibernate-commons-annotations\5.1.0.Final\hibernate-commons-annotations-5.1.0.Final.jar;C:\Users\ROG\.m2\repository\javax\persistence\javax.persistence-api\2.2\javax.persistence-api-2.2.jar;C:\Users\ROG\.m2\repository\net\bytebuddy\byte-buddy\1.10.2\byte-buddy-1.10.2.jar;C:\Users\ROG\.m2\repository\org\jboss\spec\javax\transaction\jboss-transaction-api_1.2_spec\1.1.1.Final\jboss-transaction-api_1.2_spec-1.1.1.Final.jar;C:\Users\ROG\.m2\repository\org\springframework\boot\spring-boot-starter-data-rest\2.2.1.RELEASE\spring-boot-starter-data-rest-2.2.1.RELEASE.jar;C:\Users\ROG\.m2\repository\org\springframework\boot\spring-boot-starter-web\2.2.1.RELEASE\spring-boot-starter-web-2.2.1.RELEASE.jar;C:\Users\ROG\.m2\repository\org\springframework\boot\spring-boot-starter-json\2.2.1.RELEASE\spring-boot-starter-json-2.2.1.RELEASE.jar;C:\Users\ROG\.m2\repository\com\fasterxml\jackson\datatype\jackson-datatype-jdk8\2.10.0\jackson-datatype-jdk8-2.10.0.jar;C:\Users\ROG\.m2\repository\com\fasterxml\jackson\datatype\jackson-datatype-jsr310\2.10.0\jackson-datatype-jsr310-2.10.0.jar;C:\Users\ROG\.m2\repository\com\fasterxml\jackson\module\jackson-module-parameter-names\2.10.0\jackson-module-parameter-names-2.10.0.jar;C:\Users\ROG\.m2\repository\org\springframework\boot\spring-boot-starter-tomcat\2.2.1.RELEASE\spring-boot-starter-tomcat-2.2.1.RELEASE.jar;C:\Users\ROG\.m2\repository\org\apache\tomcat\embed\tomcat-embed-core\9.0.27\tomcat-embed-core-9.0.27.jar;C:\Users\ROG\.m2\repository\org\apache\tomcat\embed\tomcat-embed-el\9.0.27\tomcat-embed-el-9.0.27.jar;C:\Users\ROG\.m2\repository\org\apache\tomcat\embed\tomcat-embed-websocket\9.0.27\tomcat-embed-websocket-9.0.27.jar;C:\Users\ROG\.m2\repository\org\springframework\boot\spring-boot-starter-validation\2.2.1.RELEASE\spring-boot-starter-validation-2.2.1.RELEASE.jar;C:\Users\ROG\.m2\repository\jakarta\validation\jakarta.validation-api\2.0.1\jakarta.validation-api-2.0.1.jar;C:\Users\ROG\.m2\repository\org\hibernate\validator\hibernate-validator\6.0.18.Final\hibernate-validator-6.0.18.Final.jar;C:\Users\ROG\.m2\repository\org\springframework\spring-web\5.2.1.RELEASE\spring-web-5.2.1.RELEASE.jar;C:\Users\ROG\.m2\repository\org\springframework\spring-webmvc\5.2.1.RELEASE\spring-webmvc-5.2.1.RELEASE.jar;C:\Users\ROG\.m2\repository\org\springframework\spring-expression\5.2.1.RELEASE\spring-expression-5.2.1.RELEASE.jar;C:\Users\ROG\.m2\repository\org\springframework\data\spring-data-rest-webmvc\3.2.1.RELEASE\spring-data-rest-webmvc-3.2.1.RELEASE.jar;C:\Users\ROG\.m2\repository\org\springframework\data\spring-data-rest-core\3.2.1.RELEASE\spring-data-rest-core-3.2.1.RELEASE.jar;C:\Users\ROG\.m2\repository\org\springframework\hateoas\spring-hateoas\1.0.1.RELEASE\spring-hateoas-1.0.1.RELEASE.jar;C:\Users\ROG\.m2\repository\org\springframework\plugin\spring-plugin-core\2.0.0.RELEASE\spring-plugin-core-2.0.0.RELEASE.jar;C:\Users\ROG\.m2\repository\org\atteo\evo-inflector\1.2.2\evo-inflector-1.2.2.jar;C:\Users\ROG\.m2\repository\com\fasterxml\jackson\core\jackson-databind\2.10.0\jackson-databind-2.10.0.jar;C:\Users\ROG\.m2\repository\com\fasterxml\jackson\core\jackson-core\2.10.0\jackson-core-2.10.0.jar;C:\Users\ROG\.m2\repository\com\fasterxml\jackson\core\jackson-annotations\2.10.0\jackson-annotations-2.10.0.jar;C:\Users\ROG\.m2\repository\org\slf4j\slf4j-api\1.7.29\slf4j-api-1.7.29.jar;C:\Users\ROG\.m2\repository\org\postgresql\postgresql\42.2.8\postgresql-42.2.8.jar;C:\Users\ROG\.m2\repository\org\springframework\boot\spring-boot-starter-data-jpa\2.2.1.RELEASE\spring-boot-starter-data-jpa-2.2.1.RELEASE.jar;C:\Users\ROG\.m2\repository\org\springframework\boot\spring-boot-starter-aop\2.2.1.RELEASE\spring-boot-starter-aop-2.2.1.RELEASE.jar;C:\Users\ROG\.m2\repository\org\springframework\spring-aop\5.2.1.RELEASE\spring-aop-5.2.1.RELEASE.jar;C:\Users\ROG\.m2\repository\org\aspectj\aspectjweaver\1.9.4\aspectjweaver-1.9.4.jar;C:\Users\ROG\.m2\repository\org\springframework\boot\spring-boot-starter-jdbc\2.2.1.RELEASE\spring-boot-starter-jdbc-2.2.1.RELEASE.jar;C:\Users\ROG\.m2\repository\com\zaxxer\HikariCP\3.4.1\HikariCP-3.4.1.jar;C:\Users\ROG\.m2\repository\org\springframework\spring-jdbc\5.2.1.RELEASE\spring-jdbc-5.2.1.RELEASE.jar;C:\Users\ROG\.m2\repository\jakarta\activation\jakarta.activation-api\1.2.1\jakarta.activation-api-1.2.1.jar;C:\Users\ROG\.m2\repository\jakarta\persistence\jakarta.persistence-api\2.2.3\jakarta.persistence-api-2.2.3.jar;C:\Users\ROG\.m2\repository\jakarta\transaction\jakarta.transaction-api\1.3.3\jakarta.transaction-api-1.3.3.jar;C:\Users\ROG\.m2\repository\org\springframework\data\spring-data-jpa\2.2.1.RELEASE\spring-data-jpa-2.2.1.RELEASE.jar;C:\Users\ROG\.m2\repository\org\springframework\data\spring-data-commons\2.2.1.RELEASE\spring-data-commons-2.2.1.RELEASE.jar;C:\Users\ROG\.m2\repository\org\springframework\spring-orm\5.2.1.RELEASE\spring-orm-5.2.1.RELEASE.jar;C:\Users\ROG\.m2\repository\org\springframework\spring-context\5.2.1.RELEASE\spring-context-5.2.1.RELEASE.jar;C:\Users\ROG\.m2\repository\org\springframework\spring-tx\5.2.1.RELEASE\spring-tx-5.2.1.RELEASE.jar;C:\Users\ROG\.m2\repository\org\springframework\spring-beans\5.2.1.RELEASE\spring-beans-5.2.1.RELEASE.jar;C:\Users\ROG\.m2\repository\org\springframework\spring-aspects\5.2.1.RELEASE\spring-aspects-5.2.1.RELEASE.jar;C:\Users\ROG\.m2\repository\joda-time\joda-time\2.10.5\joda-time-2.10.5.jar;C:\Users\ROG\.m2\repository\org\hsqldb\hsqldb\2.5.0\hsqldb-2.5.0.jar;C:\Users\ROG\.m2\repository\org\projectlombok\lombok\1.18.10\lombok-1.18.10.jar;C:\Users\ROG\.m2\repository\org\springframework\boot\spring-boot-devtools\2.2.1.RELEASE\spring-boot-devtools-2.2.1.RELEASE.jar;C:\Users\ROG\.m2\repository\org\springframework\boot\spring-boot\2.2.1.RELEASE\spring-boot-2.2.1.RELEASE.jar;C:\Users\ROG\.m2\repository\org\springframework\boot\spring-boot-autoconfigure\2.2.1.RELEASE\spring-boot-autoconfigure-2.2.1.RELEASE.jar;C:\Users\ROG\.m2\repository\org\springframework\boot\spring-boot-starter-test\2.2.1.RELEASE\spring-boot-starter-test-2.2.1.RELEASE.jar;C:\Users\ROG\.m2\repository\org\springframework\boot\spring-boot-starter\2.2.1.RELEASE\spring-boot-starter-2.2.1.RELEASE.jar;C:\Users\ROG\.m2\repository\org\springframework\boot\spring-boot-starter-logging\2.2.1.RELEASE\spring-boot-starter-logging-2.2.1.RELEASE.jar;C:\Users\ROG\.m2\repository\ch\qos\logback\logback-classic\1.2.3\logback-classic-1.2.3.jar;C:\Users\ROG\.m2\repository\ch\qos\logback\logback-core\1.2.3\logback-core-1.2.3.jar;C:\Users\ROG\.m2\repository\org\apache\logging\log4j\log4j-to-slf4j\2.12.1\log4j-to-slf4j-2.12.1.jar;C:\Users\ROG\.m2\repository\org\apache\logging\log4j\log4j-api\2.12.1\log4j-api-2.12.1.jar;C:\Users\ROG\.m2\repository\org\slf4j\jul-to-slf4j\1.7.29\jul-to-slf4j-1.7.29.jar;C:\Users\ROG\.m2\repository\jakarta\annotation\jakarta.annotation-api\1.3.5\jakarta.annotation-api-1.3.5.jar;C:\Users\ROG\.m2\repository\org\yaml\snakeyaml\1.25\snakeyaml-1.25.jar;C:\Users\ROG\.m2\repository\org\springframework\boot\spring-boot-test\2.2.1.RELEASE\spring-boot-test-2.2.1.RELEASE.jar;C:\Users\ROG\.m2\repository\org\springframework\boot\spring-boot-test-autoconfigure\2.2.1.RELEASE\spring-boot-test-autoconfigure-2.2.1.RELEASE.jar;C:\Users\ROG\.m2\repository\com\jayway\jsonpath\json-path\2.4.0\json-path-2.4.0.jar;C:\Users\ROG\.m2\repository\net\minidev\json-smart\2.3\json-smart-2.3.jar;C:\Users\ROG\.m2\repository\net\minidev\accessors-smart\1.2\accessors-smart-1.2.jar;C:\Users\ROG\.m2\repository\org\ow2\asm\asm\5.0.4\asm-5.0.4.jar;C:\Users\ROG\.m2\repository\jakarta\xml\bind\jakarta.xml.bind-api\2.3.2\jakarta.xml.bind-api-2.3.2.jar;C:\Users\ROG\.m2\repository\org\junit\jupiter\junit-jupiter\5.5.2\junit-jupiter-5.5.2.jar;C:\Users\ROG\.m2\repository\org\junit\jupiter\junit-jupiter-api\5.5.2\junit-jupiter-api-5.5.2.jar;C:\Users\ROG\.m2\repository\org\opentest4j\opentest4j\1.2.0\opentest4j-1.2.0.jar;C:\Users\ROG\.m2\repository\org\junit\platform\junit-platform-commons\1.5.2\junit-platform-commons-1.5.2.jar;C:\Users\ROG\.m2\repository\org\junit\jupiter\junit-jupiter-params\5.5.2\junit-jupiter-params-5.5.2.jar;C:\Users\ROG\.m2\repository\org\junit\jupiter\junit-jupiter-engine\5.5.2\junit-jupiter-engine-5.5.2.jar;C:\Users\ROG\.m2\repository\org\junit\vintage\junit-vintage-engine\5.5.2\junit-vintage-engine-5.5.2.jar;C:\Users\ROG\.m2\repository\org\apiguardian\apiguardian-api\1.1.0\apiguardian-api-1.1.0.jar;C:\Users\ROG\.m2\repository\org\junit\platform\junit-platform-engine\1.5.2\junit-platform-engine-1.5.2.jar;C:\Users\ROG\.m2\repository\junit\junit\4.12\junit-4.12.jar;C:\Users\ROG\.m2\repository\org\mockito\mockito-junit-jupiter\3.1.0\mockito-junit-jupiter-3.1.0.jar;C:\Users\ROG\.m2\repository\org\assertj\assertj-core\3.13.2\assertj-core-3.13.2.jar;C:\Users\ROG\.m2\repository\org\hamcrest\hamcrest\2.1\hamcrest-2.1.jar;C:\Users\ROG\.m2\repository\org\mockito\mockito-core\3.1.0\mockito-core-3.1.0.jar;C:\Users\ROG\.m2\repository\net\bytebuddy\byte-buddy-agent\1.10.2\byte-buddy-agent-1.10.2.jar;C:\Users\ROG\.m2\repository\org\objenesis\objenesis\2.6\objenesis-2.6.jar;C:\Users\ROG\.m2\repository\org\skyscreamer\jsonassert\1.5.0\jsonassert-1.5.0.jar;C:\Users\ROG\.m2\repository\com\vaadin\external\google\android-json\0.0.20131108.vaadin1\android-json-0.0.20131108.vaadin1.jar;C:\Users\ROG\.m2\repository\org\springframework\spring-core\5.2.1.RELEASE\spring-core-5.2.1.RELEASE.jar;C:\Users\ROG\.m2\repository\org\springframework\spring-jcl\5.2.1.RELEASE\spring-jcl-5.2.1.RELEASE.jar;C:\Users\ROG\.m2\repository\org\springframework\spring-test\5.2.1.RELEASE\spring-test-5.2.1.RELEASE.jar;C:\Users\ROG\.m2\repository\org\xmlunit\xmlunit-core\2.6.3\xmlunit-core-2.6.3.jar;"/>
    <property name="sun.cpu.endian" value="little"/>
    <property name="user.home" value="C:\Users\ROG"/>
    <property name="user.language" value="es"/>
    <property name="java.specification.vendor" value="Oracle Corporation"/>
    <property name="java.home" value="C:\Program Files\Java\jre1.8.0_201"/>
    <property name="basedir" value="E:\Trabajos\Gourav\Homework\Cursos\Spring\spring-data-examples\jpa\jpa21"/>
    <property name="style.color" value="always"/>
    <property name="file.separator" value="\"/>
    <property name="line.separator" value="&#10;"/>
    <property name="java.vm.specification.vendor" value="Oracle Corporation"/>
    <property name="java.specification.name" value="Java Platform API Specification"/>
    <property name="java.awt.graphicsenv" value="sun.awt.Win32GraphicsEnvironment"/>
    <property name="surefire.real.class.path" value="C:\Users\ROG\AppData\Local\Temp\surefire6196012248460879679\surefirebooter8333130831153973288.jar"/>
    <property name="sun.boot.class.path" value="C:\Program Files\Java\jre1.8.0_201\lib\resources.jar;C:\Program Files\Java\jre1.8.0_201\lib\rt.jar;C:\Program Files\Java\jre1.8.0_201\lib\sunrsasign.jar;C:\Program Files\Java\jre1.8.0_201\lib\jsse.jar;C:\Program Files\Java\jre1.8.0_201\lib\jce.jar;C:\Program Files\Java\jre1.8.0_201\lib\charsets.jar;C:\Program Files\Java\jre1.8.0_201\lib\jfr.jar;C:\Program Files\Java\jre1.8.0_201\classes"/>
    <property name="user.script" value=""/>
    <property name="sun.management.compiler" value="HotSpot 64-Bit Tiered Compilers"/>
    <property name="java.runtime.version" value="1.8.0_201-b09"/>
    <property name="user.name" value="ROG"/>
    <property name="path.separator" value=";"/>
    <property name="os.version" value="10.0"/>
    <property name="java.endorsed.dirs" value="C:\Program Files\Java\jre1.8.0_201\lib\endorsed"/>
    <property name="java.runtime.name" value="Java(TM) SE Runtime Environment"/>
    <property name="file.encoding" value="Cp1252"/>
    <property name="java.vm.name" value="Java HotSpot(TM) 64-Bit Server VM"/>
    <property name="localRepository" value="C:\Users\ROG\.m2\repository"/>
    <property name="java.vendor.url.bug" value="http://bugreport.sun.com/bugreport/"/>
    <property name="java.io.tmpdir" value="C:\Users\ROG\AppData\Local\Temp\"/>
    <property name="java.version" value="1.8.0_201"/>
    <property name="user.dir" value="E:\Trabajos\Gourav\Homework\Cursos\Spring\spring-data-examples\jpa\jpa21"/>
    <property name="os.arch" value="amd64"/>
    <property name="java.vm.specification.name" value="Java Virtual Machine Specification"/>
    <property name="java.awt.printerjob" value="sun.awt.windows.WPrinterJob"/>
    <property name="sun.os.patch.level" value=""/>
    <property name="java.library.path" value="C:\Program Files\Java\jre1.8.0_201\bin;C:\WINDOWS\Sun\Java\bin;C:\WINDOWS\system32;C:\WINDOWS;C:/Program Files/Java/jre1.8.0_201/bin/server;C:/Program Files/Java/jre1.8.0_201/bin;C:/Program Files/Java/jre1.8.0_201/lib/amd64;C:\Program Files\Microsoft MPI\Bin\;C:\Program Files (x86)\Common Files\Oracle\Java\javapath;C:\Windows\system32;C:\Windows;C:\Windows\System32\Wbem;C:\Windows\System32\WindowsPowerShell\v1.0\;C:\Windows\System32\OpenSSH\;C:\Program Files (x86)\Calibre2\;C:\Program Files (x86)\NVIDIA Corporation\PhysX\Common;C:\Program Files\Git\cmd;C:\Gradle\gradle-4.10.2\bin;C:\Program Files\NVIDIA Corporation\NVIDIA NvDLISR;C:\Program Files\nodejs\;C:\Program Files\dotnet\;C:\Program Files\Microsoft SQL Server\130\Tools\Binn\;C:\apache-maven-3.6.0\bin;C:\Program Files\AutoFirma\AutoFirma;C:\Users\Dinesh\AppData\Local\Microsoft\WindowsApps;C:\adb;%SystemRoot%\system32;%SystemRoot%;%SystemRoot%\System32\Wbem;%SYSTEMROOT%\System32\WindowsPowerShell\v1.0\;%SYSTEMROOT%\System32\OpenSSH\;C:\Users\ROG\AppData\Local\Microsoft\WindowsApps;C:\Users\ROG\AppData\Local\atom\bin;C:\Users\ROG\AppData\Roaming\npm;C:\Users\ROG\AppData\Local\Programs\Microsoft VS Code\bin;C:\Users\ROG\AppData\Local\Microsoft\WindowsApps;;C:\Users\ROG\Desktop\Java Tools\sts-4.4.1.RELEASE;;."/>
    <property name="java.vm.info" value="mixed mode"/>
    <property name="java.vendor" value="Oracle Corporation"/>
    <property name="java.vm.version" value="25.201-b09"/>
    <property name="java.ext.dirs" value="C:\Program Files\Java\jre1.8.0_201\lib\ext;C:\WINDOWS\Sun\Java\lib\ext"/>
    <property name="sun.io.unicode.encoding" value="UnicodeLittle"/>
    <property name="java.class.version" value="52.0"/>
  </properties>
  <testcase name="initializationError" classname="example.springdata.jpa.resultsetmappings.SubscriptionRepositoryIntegrationTests" time="0.006">
    <error message="No runnable methods" type="java.lang.Exception">java.lang.Exception: No runnable methods
</error>
    <system-out><![CDATA[00:26:13.028 [main] DEBUG org.springframework.test.context.junit4.SpringJUnit4ClassRunner - SpringJUnit4ClassRunner constructor called with [class example.springdata.jpa.storedprocedures.UserRepositoryIntegrationTests]
00:26:13.031 [main] DEBUG org.springframework.test.context.BootstrapUtils - Instantiating CacheAwareContextLoaderDelegate from class [org.springframework.test.context.cache.DefaultCacheAwareContextLoaderDelegate]
00:26:13.036 [main] DEBUG org.springframework.test.context.BootstrapUtils - Instantiating BootstrapContext using constructor [public org.springframework.test.context.support.DefaultBootstrapContext(java.lang.Class,org.springframework.test.context.CacheAwareContextLoaderDelegate)]
00:26:13.058 [main] DEBUG org.springframework.test.context.BootstrapUtils - Instantiating TestContextBootstrapper for test class [example.springdata.jpa.storedprocedures.UserRepositoryIntegrationTests] from class [org.springframework.boot.test.context.SpringBootTestContextBootstrapper]
00:26:13.070 [main] INFO org.springframework.boot.test.context.SpringBootTestContextBootstrapper - Neither @ContextConfiguration nor @ContextHierarchy found for test class [example.springdata.jpa.storedprocedures.UserRepositoryIntegrationTests], using SpringBootContextLoader
00:26:13.073 [main] DEBUG org.springframework.test.context.support.AbstractContextLoader - Did not detect default resource location for test class [example.springdata.jpa.storedprocedures.UserRepositoryIntegrationTests]: class path resource [example/springdata/jpa/storedprocedures/UserRepositoryIntegrationTests-context.xml] does not exist
00:26:13.073 [main] DEBUG org.springframework.test.context.support.AbstractContextLoader - Did not detect default resource location for test class [example.springdata.jpa.storedprocedures.UserRepositoryIntegrationTests]: class path resource [example/springdata/jpa/storedprocedures/UserRepositoryIntegrationTestsContext.groovy] does not exist
00:26:13.073 [main] INFO org.springframework.test.context.support.AbstractContextLoader - Could not detect default resource locations for test class [example.springdata.jpa.storedprocedures.UserRepositoryIntegrationTests]: no resource found for suffixes {-context.xml, Context.groovy}.
00:26:13.074 [main] INFO org.springframework.test.context.support.AnnotationConfigContextLoaderUtils - Could not detect default configuration classes for test class [example.springdata.jpa.storedprocedures.UserRepositoryIntegrationTests]: UserRepositoryIntegrationTests does not declare any static, non-private, non-final, nested classes annotated with @Configuration.
00:26:13.101 [main] DEBUG org.springframework.test.context.support.ActiveProfilesUtils - Could not find an 'annotation declaring class' for annotation type [org.springframework.test.context.ActiveProfiles] and class [example.springdata.jpa.storedprocedures.UserRepositoryIntegrationTests]
00:26:13.149 [main] DEBUG org.springframework.context.annotation.ClassPathScanningCandidateComponentProvider - Identified candidate component class: file [E:\Trabajos\Gourav\Homework\Cursos\Spring\spring-data-examples\jpa\jpa21\target\classes\example\springdata\jpa\storedprocedures\StoredProcedureConfiguration.class]
00:26:13.151 [main] INFO org.springframework.boot.test.context.SpringBootTestContextBootstrapper - Found @SpringBootConfiguration example.springdata.jpa.storedprocedures.StoredProcedureConfiguration for test class example.springdata.jpa.storedprocedures.UserRepositoryIntegrationTests
00:26:13.248 [main] DEBUG org.springframework.boot.test.context.SpringBootTestContextBootstrapper - @TestExecutionListeners is not present for class [example.springdata.jpa.storedprocedures.UserRepositoryIntegrationTests]: using defaults.
00:26:13.249 [main] INFO org.springframework.boot.test.context.SpringBootTestContextBootstrapper - Loaded default TestExecutionListener class names from location [META-INF/spring.factories]: [org.springframework.boot.test.mock.mockito.MockitoTestExecutionListener, org.springframework.boot.test.mock.mockito.ResetMocksTestExecutionListener, org.springframework.boot.test.autoconfigure.restdocs.RestDocsTestExecutionListener, org.springframework.boot.test.autoconfigure.web.client.MockRestServiceServerResetTestExecutionListener, org.springframework.boot.test.autoconfigure.web.servlet.MockMvcPrintOnlyOnFailureTestExecutionListener, org.springframework.boot.test.autoconfigure.web.servlet.WebDriverTestExecutionListener, org.springframework.test.context.web.ServletTestExecutionListener, org.springframework.test.context.support.DirtiesContextBeforeModesTestExecutionListener, org.springframework.test.context.support.DependencyInjectionTestExecutionListener, org.springframework.test.context.support.DirtiesContextTestExecutionListener, org.springframework.test.context.transaction.TransactionalTestExecutionListener, org.springframework.test.context.jdbc.SqlScriptsTestExecutionListener, org.springframework.test.context.event.EventPublishingTestExecutionListener]
00:26:13.261 [main] INFO org.springframework.boot.test.context.SpringBootTestContextBootstrapper - Using TestExecutionListeners: [org.springframework.test.context.web.ServletTestExecutionListener@7ef82753, org.springframework.test.context.support.DirtiesContextBeforeModesTestExecutionListener@3b0fe47a, org.springframework.boot.test.mock.mockito.MockitoTestExecutionListener@202b0582, org.springframework.boot.test.autoconfigure.SpringBootDependencyInjectionTestExecutionListener@235ecd9f, org.springframework.test.context.support.DirtiesContextTestExecutionListener@1ca3b418, org.springframework.test.context.transaction.TransactionalTestExecutionListener@58cbafc2, org.springframework.test.context.jdbc.SqlScriptsTestExecutionListener@2034b64c, org.springframework.test.context.event.EventPublishingTestExecutionListener@75d3a5e0, org.springframework.boot.test.mock.mockito.ResetMocksTestExecutionListener@74d1dc36, org.springframework.boot.test.autoconfigure.restdocs.RestDocsTestExecutionListener@7161d8d1, org.springframework.boot.test.autoconfigure.web.client.MockRestServiceServerResetTestExecutionListener@74e28667, org.springframework.boot.test.autoconfigure.web.servlet.MockMvcPrintOnlyOnFailureTestExecutionListener@1cf6d1be, org.springframework.boot.test.autoconfigure.web.servlet.WebDriverTestExecutionListener@663c9e7a]
00:26:13.262 [main] DEBUG org.springframework.test.annotation.ProfileValueUtils - Retrieved @ProfileValueSourceConfiguration [null] for test class [example.springdata.jpa.storedprocedures.UserRepositoryIntegrationTests]
00:26:13.263 [main] DEBUG org.springframework.test.annotation.ProfileValueUtils - Retrieved ProfileValueSource type [class org.springframework.test.annotation.SystemProfileValueSource] for class [example.springdata.jpa.storedprocedures.UserRepositoryIntegrationTests]
00:26:13.269 [main] DEBUG org.springframework.test.context.junit4.SpringJUnit4ClassRunner - SpringJUnit4ClassRunner constructor called with [class example.springdata.jpa.storedprocedures.UserRepositoryIntegrationTests]
00:26:13.270 [main] DEBUG org.springframework.test.context.BootstrapUtils - Instantiating CacheAwareContextLoaderDelegate from class [org.springframework.test.context.cache.DefaultCacheAwareContextLoaderDelegate]
00:26:13.270 [main] DEBUG org.springframework.test.context.BootstrapUtils - Instantiating BootstrapContext using constructor [public org.springframework.test.context.support.DefaultBootstrapContext(java.lang.Class,org.springframework.test.context.CacheAwareContextLoaderDelegate)]
00:26:13.270 [main] DEBUG org.springframework.test.context.BootstrapUtils - Instantiating TestContextBootstrapper for test class [example.springdata.jpa.storedprocedures.UserRepositoryIntegrationTests] from class [org.springframework.boot.test.context.SpringBootTestContextBootstrapper]
00:26:13.270 [main] INFO org.springframework.boot.test.context.SpringBootTestContextBootstrapper - Neither @ContextConfiguration nor @ContextHierarchy found for test class [example.springdata.jpa.storedprocedures.UserRepositoryIntegrationTests], using SpringBootContextLoader
00:26:13.271 [main] DEBUG org.springframework.test.context.support.AbstractContextLoader - Did not detect default resource location for test class [example.springdata.jpa.storedprocedures.UserRepositoryIntegrationTests]: class path resource [example/springdata/jpa/storedprocedures/UserRepositoryIntegrationTests-context.xml] does not exist
00:26:13.271 [main] DEBUG org.springframework.test.context.support.AbstractContextLoader - Did not detect default resource location for test class [example.springdata.jpa.storedprocedures.UserRepositoryIntegrationTests]: class path resource [example/springdata/jpa/storedprocedures/UserRepositoryIntegrationTestsContext.groovy] does not exist
00:26:13.271 [main] INFO org.springframework.test.context.support.AbstractContextLoader - Could not detect default resource locations for test class [example.springdata.jpa.storedprocedures.UserRepositoryIntegrationTests]: no resource found for suffixes {-context.xml, Context.groovy}.
00:26:13.271 [main] INFO org.springframework.test.context.support.AnnotationConfigContextLoaderUtils - Could not detect default configuration classes for test class [example.springdata.jpa.storedprocedures.UserRepositoryIntegrationTests]: UserRepositoryIntegrationTests does not declare any static, non-private, non-final, nested classes annotated with @Configuration.
00:26:13.273 [main] DEBUG org.springframework.test.context.support.ActiveProfilesUtils - Could not find an 'annotation declaring class' for annotation type [org.springframework.test.context.ActiveProfiles] and class [example.springdata.jpa.storedprocedures.UserRepositoryIntegrationTests]
00:26:13.273 [main] INFO org.springframework.boot.test.context.SpringBootTestContextBootstrapper - Found @SpringBootConfiguration example.springdata.jpa.storedprocedures.StoredProcedureConfiguration for test class example.springdata.jpa.storedprocedures.UserRepositoryIntegrationTests
00:26:13.275 [main] DEBUG org.springframework.boot.test.context.SpringBootTestContextBootstrapper - @TestExecutionListeners is not present for class [example.springdata.jpa.storedprocedures.UserRepositoryIntegrationTests]: using defaults.
00:26:13.275 [main] INFO org.springframework.boot.test.context.SpringBootTestContextBootstrapper - Loaded default TestExecutionListener class names from location [META-INF/spring.factories]: [org.springframework.boot.test.mock.mockito.MockitoTestExecutionListener, org.springframework.boot.test.mock.mockito.ResetMocksTestExecutionListener, org.springframework.boot.test.autoconfigure.restdocs.RestDocsTestExecutionListener, org.springframework.boot.test.autoconfigure.web.client.MockRestServiceServerResetTestExecutionListener, org.springframework.boot.test.autoconfigure.web.servlet.MockMvcPrintOnlyOnFailureTestExecutionListener, org.springframework.boot.test.autoconfigure.web.servlet.WebDriverTestExecutionListener, org.springframework.test.context.web.ServletTestExecutionListener, org.springframework.test.context.support.DirtiesContextBeforeModesTestExecutionListener, org.springframework.test.context.support.DependencyInjectionTestExecutionListener, org.springframework.test.context.support.DirtiesContextTestExecutionListener, org.springframework.test.context.transaction.TransactionalTestExecutionListener, org.springframework.test.context.jdbc.SqlScriptsTestExecutionListener, org.springframework.test.context.event.EventPublishingTestExecutionListener]
00:26:13.275 [main] INFO org.springframework.boot.test.context.SpringBootTestContextBootstrapper - Using TestExecutionListeners: [org.springframework.test.context.web.ServletTestExecutionListener@5afa3c9, org.springframework.test.context.support.DirtiesContextBeforeModesTestExecutionListener@72035809, org.springframework.boot.test.mock.mockito.MockitoTestExecutionListener@909217e, org.springframework.boot.test.autoconfigure.SpringBootDependencyInjectionTestExecutionListener@18271936, org.springframework.test.context.support.DirtiesContextTestExecutionListener@606e4010, org.springframework.test.context.transaction.TransactionalTestExecutionListener@8458f04, org.springframework.test.context.jdbc.SqlScriptsTestExecutionListener@48075da3, org.springframework.test.context.event.EventPublishingTestExecutionListener@68c9133c, org.springframework.boot.test.mock.mockito.ResetMocksTestExecutionListener@7a35b0f5, org.springframework.boot.test.autoconfigure.restdocs.RestDocsTestExecutionListener@5e2c3d18, org.springframework.boot.test.autoconfigure.web.client.MockRestServiceServerResetTestExecutionListener@2cb4893b, org.springframework.boot.test.autoconfigure.web.servlet.MockMvcPrintOnlyOnFailureTestExecutionListener@cc43f62, org.springframework.boot.test.autoconfigure.web.servlet.WebDriverTestExecutionListener@5b218417]
00:26:13.276 [main] DEBUG org.springframework.test.annotation.ProfileValueUtils - Retrieved @ProfileValueSourceConfiguration [null] for test class [example.springdata.jpa.storedprocedures.UserRepositoryIntegrationTests]
00:26:13.276 [main] DEBUG org.springframework.test.annotation.ProfileValueUtils - Retrieved ProfileValueSource type [class org.springframework.test.annotation.SystemProfileValueSource] for class [example.springdata.jpa.storedprocedures.UserRepositoryIntegrationTests]
]]></system-out>
  </testcase>
</testsuite>